User belongs to experiment group 'ShowExtensionSurveyPrompt - control'
User belongs to experiment group 'CollectLSRequestTiming - control'
User belongs to experiment group 'DeprecatePythonPath - experiment'
> conda --version
> conda info --json
> pyenv root
> python3.7 ~/.vscode/extensions/ms-python.python-2021.3.680753044/pythonFiles/pyvsc-run-isolated.py -c "import sys;print(sys.executable)"
> python3.6 ~/.vscode/extensions/ms-python.python-2021.3.680753044/pythonFiles/pyvsc-run-isolated.py -c "import sys;print(sys.executable)"
> python3 ~/.vscode/extensions/ms-python.python-2021.3.680753044/pythonFiles/pyvsc-run-isolated.py -c "import sys;print(sys.executable)"
> python2 ~/.vscode/extensions/ms-python.python-2021.3.680753044/pythonFiles/pyvsc-run-isolated.py -c "import sys;print(sys.executable)"
> python ~/.vscode/extensions/ms-python.python-2021.3.680753044/pythonFiles/pyvsc-run-isolated.py -c "import sys;print(sys.executable)"
> python ~/.vscode/extensions/ms-python.python-2021.3.680753044/pythonFiles/pyvsc-run-isolated.py -c "import sys;print(sys.executable)"
> python ~/.vscode/extensions/ms-python.python-2021.3.680753044/pythonFiles/pyvsc-run-isolated.py -c "import sys;print(sys.executable)"
> python ~/.vscode/extensions/ms-python.python-2021.3.680753044/pythonFiles/pyvsc-run-isolated.py -c "import sys;print(sys.executable)"
> python ~/.vscode/extensions/ms-python.python-2021.3.680753044/pythonFiles/pyvsc-run-isolated.py -c "import sys;print(sys.executable)"
> python ~/.vscode/extensions/ms-python.python-2021.3.680753044/pythonFiles/pyvsc-run-isolated.py -c "import sys;print(sys.executable)"
Starting Jedi Python language engine.
Error 2021-03-31 19:05:29: Diagnostic Code: InvalidPythonInterpreterDiagnostic, Message: No Python interpreter is selected. You need to select a Python interpreter to enable features such as IntelliSense, linting, and debugging.
Diagnostic Code: InvalidPythonInterpreterDiagnostic, Message: No Python interpreter is selected. You need to select a Python interpreter to enable features such as IntelliSense, linting, and debugging.

Linter 'pylint' is not installed. Please install it or select another linter".
TypeError [ERR_INVALID_ARG_VALUE]: The argument 'file' cannot be empty. Received ''

Linter 'pylint' is not installed. Please install it or select another linter".
TypeError [ERR_INVALID_ARG_VALUE]: The argument 'file' cannot be empty. Received ''

Linter 'pylint' is not installed. Please install it or select another linter".
TypeError [ERR_INVALID_ARG_VALUE]: The argument 'file' cannot be empty. Received ''
> conda --version
