Error 2021-03-31 19:05:09: Exception while attempting zmq : [Error: /snap/core/current/usr/lib/x86_64-linux-gnu/libstdc++.so.6: version `GLIBCXX_3.4.22' not found (required by /home/cedrick/.vscode/extensions/ms-toolsai.jupyter-2021.3.684299474/out/client/node_modules/zeromq/prebuilds/linux-x64/electron.napi.glibc.node)
	at process.func [as dlopen] (electron/js2c/asar_bundle.js:5:1812)
	at Object.Module._extensions..node (internal/modules/cjs/loader.js:1250:18)
	at Object.func [as .node] (electron/js2c/asar_bundle.js:5:1812)
	at Module.load (internal/modules/cjs/loader.js:1039:32)
	at Module._load (internal/modules/cjs/loader.js:932:14)
	at Function.f._load (electron/js2c/asar_bundle.js:5:12738)
	at Function.s._load (/snap/code/59/usr/share/code/resources/app/out/vs/workbench/services/extensions/node/extensionHostProcess.js:106:27167)
	at Function._._load (/snap/code/59/usr/share/code/resources/app/out/vs/workbench/services/extensions/node/extensionHostProcess.js:106:23919)
	at Function.W._load (/snap/code/59/usr/share/code/resources/app/out/vs/workbench/services/extensions/node/extensionHostProcess.js:96:4637)
	at Module.require (internal/modules/cjs/loader.js:1079:19)
	at v (/snap/code/59/usr/share/code/resources/app/out/vs/loader.js:3:12287)
	at load (/home/cedrick/.vscode/extensions/ms-toolsai.jupyter-2021.3.684299474/out/client/node_modules/node-gyp-build/index.js:21:10)
	at Object.<anonymous> (/home/cedrick/.vscode/extensions/ms-toolsai.jupyter-2021.3.684299474/out/client/node_modules/zeromq/lib/native.js:6:43)
	at Module.u._compile (/snap/code/59/usr/share/code/resources/app/out/vs/loader.js:3:12841)
	at Object.Module._extensions..js (internal/modules/cjs/loader.js:1220:10)
	at Module.load (internal/modules/cjs/loader.js:1039:32)
	at Module._load (internal/modules/cjs/loader.js:932:14)
	at Function.f._load (electron/js2c/asar_bundle.js:5:12738)
	at Function.s._load (/snap/code/59/usr/share/code/resources/app/out/vs/workbench/services/extensions/node/extensionHostProcess.js:106:27167)
	at Function._._load (/snap/code/59/usr/share/code/resources/app/out/vs/workbench/services/extensions/node/extensionHostProcess.js:106:23919)
	at Function.W._load (/snap/code/59/usr/share/code/resources/app/out/vs/workbench/services/extensions/node/extensionHostProcess.js:96:4637)
	at Module.require (internal/modules/cjs/loader.js:1079:19)
	at v (/snap/code/59/usr/share/code/resources/app/out/vs/loader.js:3:12287)
	at Object.<anonymous> (/home/cedrick/.vscode/extensions/ms-toolsai.jupyter-2021.3.684299474/out/client/node_modules/zeromq/lib/index.js:3:16)
	at Module.u._compile (/snap/code/59/usr/share/code/resources/app/out/vs/loader.js:3:12841)
	at Object.Module._extensions..js (internal/modules/cjs/loader.js:1220:10)
	at Module.load (internal/modules/cjs/loader.js:1039:32)
	at Module._load (internal/modules/cjs/loader.js:932:14)
	at Function.f._load (electron/js2c/asar_bundle.js:5:12738)
	at Function.s._load (/snap/code/59/usr/share/code/resources/app/out/vs/workbench/services/extensions/node/extensionHostProcess.js:106:27167)
	at Function._._load (/snap/code/59/usr/share/code/resources/app/out/vs/workbench/services/extensions/node/extensionHostProcess.js:106:23919)
	at Function.W._load (/snap/code/59/usr/share/code/resources/app/out/vs/workbench/services/extensions/node/extensionHostProcess.js:96:4637)
	at Module.require (internal/modules/cjs/loader.js:1079:19)
	at v (/snap/code/59/usr/share/code/resources/app/out/vs/loader.js:3:12287)
	at Object.<anonymous> (/home/cedrick/.vscode/extensions/ms-toolsai.jupyter-2021.3.684299474/out/client/extension.js:32:283721)
	at n (/home/cedrick/.vscode/extensions/ms-toolsai.jupyter-2021.3.684299474/out/client/extension.js:1:186)
	at d.zmqSupported (/home/cedrick/.vscode/extensions/ms-toolsai.jupyter-2021.3.684299474/out/client/extension.js:49:826945)
	at d.isSupportedForLocalLaunch (/home/cedrick/.vscode/extensions/ms-toolsai.jupyter-2021.3.684299474/out/client/extension.js:49:826595)
	at d.supported (/home/cedrick/.vscode/extensions/ms-toolsai.jupyter-2021.3.684299474/out/client/extension.js:49:826505)
	at Object.t.registerTypes (/home/cedrick/.vscode/extensions/ms-toolsai.jupyter-2021.3.684299474/out/client/extension.js:47:736520)
	at /home/cedrick/.vscode/extensions/ms-toolsai.jupyter-2021.3.684299474/out/client/extension.js:47:271156
	at processTicksAndRejections (internal/process/task_queues.js:97:5)
	at async /home/cedrick/.vscode/extensions/ms-toolsai.jupyter-2021.3.684299474/out/client/extension.js:32:724727
	at async t.activate (/home/cedrick/.vscode/extensions/ms-toolsai.jupyter-2021.3.684299474/out/client/extension.js:32:724437)
	at async Promise.all (index 0)]
